1686147005221:hello-world
1686147165141:o
1686223884563:hello-world
1686223888316:h
1686224135712:component string
1686224245409:d
1686224248908:component string d
1686224364837:component string
1686224425985:o
1686224593131:gg
1686224614124:o
1686226433799:order
1686227451261:o
1686227909679:quit
1686228222953:q
1686228378460:help
1686228646111:o
1686229045071:help
1686229168694:q
1686229200455:d
1686229817498:f
1686230273773:o
1686233818679:q
1686234175655:o
1686288549136:782858
1686288555435:o
1686288565216:782858
1686288589214:o
1686289087944:q
1686289118605:o
1686289131500:q
1686293395426:o
1686295920220:q
1686295937816:o
1686297842077:q
